<?xml version="1.0" encoding="UTF-8"?>
<!-- Generated by org.testng.reporters.JUnitReportReporter -->
<testsuite skipped="0" hostname="Mano" name="org.testng.Company" tests="4" failures="0" timestamp="12 May 2020 04:37:20 GMT" time="0.055" errors="0">
  <testcase name="test32" time="0.007" classname="org.testng.Company"/>
  <testcase name="test62" time="0.008" classname="org.testng.Company"/>
  <testcase name="test52" time="0.003" classname="org.testng.Company"/>
  <testcase name="test12" time="0.037" classname="org.testng.Company"/>
</testsuite> <!-- org.testng.Company -->
