<?xml version="1.0" encoding="UTF-8"?>
<!-- Generated by org.testng.reporters.JUnitReportReporter -->
<testsuite skipped="0" hostname="Mano" name="org.testng.Cross" tests="3" failures="0" timestamp="03 May 2020 03:53:29 GMT" time="0.038" errors="0">
  <testcase name="test1" time="0.010" classname="org.testng.Cross"/>
  <testcase name="test1" time="0.013" classname="org.testng.Cross"/>
  <testcase name="test1" time="0.015" classname="org.testng.Cross"/>
</testsuite> <!-- org.testng.Cross -->
