<?xml version="1.0" encoding="UTF-8"?>
<!-- Generated by org.testng.reporters.JUnitReportReporter -->
<testsuite skipped="0" hostname="Mano" name="org.testng.Employee" tests="1" failures="0" timestamp="04 Jul 2020 11:48:31 GMT" time="0.020" errors="0">
  <testcase name="test" time="0.020" classname="org.testng.Employee"/>
</testsuite> <!-- org.testng.Employee -->
