<?xml version="1.0" encoding="UTF-8"?>
<!-- Generated by org.testng.reporters.JUnitReportReporter -->
<testsuite skipped="1" hostname="Mano" name="org.testng.Sample" tests="5" failures="0" timestamp="30 Apr 2020 13:41:51 GMT" time="42.390" errors="0">
  <testcase name="test1" time="7.820" classname="org.testng.Sample"/>
  <testcase name="test1" time="8.232" classname="org.testng.Sample"/>
  <testcase name="test1" time="18.497" classname="org.testng.Sample"/>
  <testcase name="test1" time="7.841" classname="org.testng.Sample"/>
  <testcase name="test2" classname="org.testng.Sample">
    <skipped/>
  </testcase> <!-- test2 -->
</testsuite> <!-- org.testng.Sample -->
