<?xml version="1.0" encoding="UTF-8"?>
<!-- Generated by org.testng.reporters.JUnitReportReporter -->
<testsuite skipped="0" hostname="Mano" name="org.testng.C" tests="7" failures="0" timestamp="04 Jul 2020 11:44:52 GMT" time="0.077" errors="0">
  <testcase name="test33" time="0.008" classname="org.testng.C"/>
  <testcase name="test33" time="0.005" classname="org.testng.C"/>
  <testcase name="test33" time="0.007" classname="org.testng.C"/>
  <testcase name="test33" time="0.004" classname="org.testng.C"/>
  <testcase name="test31" time="0.026" classname="org.testng.C"/>
  <testcase name="test32" time="0.021" classname="org.testng.C"/>
  <testcase name="test33" time="0.006" classname="org.testng.C"/>
</testsuite> <!-- org.testng.C -->
