<?xml version="1.0" encoding="UTF-8"?>
<!-- Generated by org.testng.reporters.JUnitReportReporter -->
<testsuite skipped="0" hostname="Mano" name="org.testng.B" tests="3" failures="0" timestamp="03 May 2020 13:46:38 GMT" time="0.063" errors="0">
  <testcase name="test22" time="0.026" classname="org.testng.B"/>
  <testcase name="test12" time="0.035" classname="org.testng.B"/>
  <testcase name="test32" time="0.002" classname="org.testng.B"/>
</testsuite> <!-- org.testng.B -->
